2016-12-01 16:22:42.684+0000 WARN  [o.n.k.i.JvmChecker]: You are using an unsupported version of the Java runtime. Please use Oracle(R) Java(TM) Runtime Environment 7 or OpenJDK(TM) 7.
2016-12-01 16:22:42.872+0000 INFO  [o.n.s.CommunityNeoServer]: Setting startup timeout to: 120000ms based on 120000
2016-12-01 16:22:43.150+0000 WARN  [o.n.k.EmbeddedGraphDatabase]: You are using an unsupported version of the Java runtime. Please use Oracle(R) Java(TM) Runtime Environment 7 or OpenJDK(TM) 7.
2016-12-01 16:22:43.284+0000 INFO  [o.n.k.InternalAbstractGraphDatabase]: No locking implementation specified, defaulting to 'community'
2016-12-01 16:22:43.477+0000 INFO  [o.n.k.i.DiagnosticsManager]: --- INITIALIZED diagnostics START ---
2016-12-01 16:22:43.479+0000 INFO  [o.n.k.i.DiagnosticsManager]: Neo4j Kernel properties:
2016-12-01 16:22:43.482+0000 INFO  [o.n.k.i.DiagnosticsManager]: remote_shell_enabled=true
2016-12-01 16:22:43.483+0000 INFO  [o.n.k.i.DiagnosticsManager]: store_dir=/home/hugo-mitsumori/labbd/ProjetoLabBD/Freelancers/db/neo4j/development/data/graph.db
2016-12-01 16:22:43.484+0000 INFO  [o.n.k.i.DiagnosticsManager]: Diagnostics providers:
2016-12-01 16:22:43.484+0000 INFO  [o.n.k.i.DiagnosticsManager]: org.neo4j.kernel.configuration.Config
2016-12-01 16:22:43.484+0000 INFO  [o.n.k.i.DiagnosticsManager]: org.neo4j.kernel.info.DiagnosticsManager
2016-12-01 16:22:43.484+0000 INFO  [o.n.k.i.DiagnosticsManager]: SYSTEM_MEMORY
2016-12-01 16:22:43.485+0000 INFO  [o.n.k.i.DiagnosticsManager]: JAVA_MEMORY
2016-12-01 16:22:43.485+0000 INFO  [o.n.k.i.DiagnosticsManager]: OPERATING_SYSTEM
2016-12-01 16:22:43.485+0000 INFO  [o.n.k.i.DiagnosticsManager]: JAVA_VIRTUAL_MACHINE
2016-12-01 16:22:43.485+0000 INFO  [o.n.k.i.DiagnosticsManager]: CLASSPATH
2016-12-01 16:22:43.485+0000 INFO  [o.n.k.i.DiagnosticsManager]: LIBRARY_PATH
2016-12-01 16:22:43.485+0000 INFO  [o.n.k.i.DiagnosticsManager]: SYSTEM_PROPERTIES
2016-12-01 16:22:43.485+0000 INFO  [o.n.k.i.DiagnosticsManager]: LINUX_SCHEDULERS
2016-12-01 16:22:43.485+0000 INFO  [o.n.k.i.DiagnosticsManager]: NETWORK
2016-12-01 16:22:43.486+0000 INFO  [o.n.k.i.DiagnosticsManager]: System memory information:
2016-12-01 16:22:43.497+0000 INFO  [o.n.k.i.DiagnosticsManager]: Total Physical memory: 1,96 GB
2016-12-01 16:22:43.498+0000 INFO  [o.n.k.i.DiagnosticsManager]: Free Physical memory: 359,52 MB
2016-12-01 16:22:43.498+0000 INFO  [o.n.k.i.DiagnosticsManager]: Committed virtual memory: 2,74 GB
2016-12-01 16:22:43.498+0000 INFO  [o.n.k.i.DiagnosticsManager]: Total swap space: 1,26 GB
2016-12-01 16:22:43.499+0000 INFO  [o.n.k.i.DiagnosticsManager]: Free swap space: 1,24 GB
2016-12-01 16:22:43.501+0000 INFO  [o.n.k.i.DiagnosticsManager]: JVM memory information:
2016-12-01 16:22:43.501+0000 INFO  [o.n.k.i.DiagnosticsManager]: Free  memory: 14,20 MB
2016-12-01 16:22:43.502+0000 INFO  [o.n.k.i.DiagnosticsManager]: Total memory: 32,06 MB
2016-12-01 16:22:43.502+0000 INFO  [o.n.k.i.DiagnosticsManager]: Max   memory: 487,38 MB
2016-12-01 16:22:43.536+0000 INFO  [o.n.k.i.DiagnosticsManager]: Garbage Collector: ParNew: [Par Eden Space, Par Survivor Space]
2016-12-01 16:22:43.537+0000 INFO  [o.n.k.i.DiagnosticsManager]: Garbage Collector: ConcurrentMarkSweep: [Par Eden Space, Par Survivor Space, CMS Old Gen]
2016-12-01 16:22:43.540+0000 INFO  [o.n.k.i.DiagnosticsManager]: Memory Pool: Code Cache (Non-heap memory): committed=3,31 MB, used=3,27 MB, max=240,00 MB, threshold=0,00 B
2016-12-01 16:22:43.544+0000 INFO  [o.n.k.i.DiagnosticsManager]: Memory Pool: Metaspace (Non-heap memory): committed=13,13 MB, used=12,70 MB, max=-1,00 B, threshold=0,00 B
2016-12-01 16:22:43.545+0000 INFO  [o.n.k.i.DiagnosticsManager]: Memory Pool: Compressed Class Space (Non-heap memory): committed=1,88 MB, used=1,68 MB, max=1,00 GB, threshold=0,00 B
2016-12-01 16:22:43.547+0000 INFO  [o.n.k.i.DiagnosticsManager]: Memory Pool: Par Eden Space (Heap memory): committed=8,50 MB, used=3,30 MB, max=133,13 MB, threshold=?
2016-12-01 16:22:43.549+0000 INFO  [o.n.k.i.DiagnosticsManager]: Memory Pool: Par Survivor Space (Heap memory): committed=1,06 MB, used=1,06 MB, max=16,63 MB, threshold=?
2016-12-01 16:22:43.551+0000 INFO  [o.n.k.i.DiagnosticsManager]: Memory Pool: CMS Old Gen (Heap memory): committed=22,50 MB, used=13,50 MB, max=337,63 MB, threshold=0,00 B
2016-12-01 16:22:43.551+0000 INFO  [o.n.k.i.DiagnosticsManager]: Operating system information:
2016-12-01 16:22:43.553+0000 INFO  [o.n.k.i.DiagnosticsManager]: Operating System: Linux; version: 3.16.0-4-amd64; arch: amd64; cpus: 2
2016-12-01 16:22:43.554+0000 INFO  [o.n.k.i.DiagnosticsManager]: Max number of file descriptors: 65536
2016-12-01 16:22:43.554+0000 INFO  [o.n.k.i.DiagnosticsManager]: Number of open file descriptors: 78
2016-12-01 16:22:43.556+0000 INFO  [o.n.k.i.DiagnosticsManager]: Process id: 4700@hugoMitsumori
2016-12-01 16:22:43.556+0000 INFO  [o.n.k.i.DiagnosticsManager]: Byte order: LITTLE_ENDIAN
2016-12-01 16:22:43.557+0000 INFO  [o.n.k.i.DiagnosticsManager]: Local timezone: America/Sao_Paulo
2016-12-01 16:22:43.557+0000 INFO  [o.n.k.i.DiagnosticsManager]: JVM information:
2016-12-01 16:22:43.557+0000 INFO  [o.n.k.i.DiagnosticsManager]: VM Name: Java HotSpot(TM) 64-Bit Server VM
2016-12-01 16:22:43.557+0000 INFO  [o.n.k.i.DiagnosticsManager]: VM Vendor: Oracle Corporation
2016-12-01 16:22:43.557+0000 INFO  [o.n.k.i.DiagnosticsManager]: VM Version: 25.111-b14
2016-12-01 16:22:43.565+0000 INFO  [o.n.k.i.DiagnosticsManager]: JIT compiler: HotSpot 64-Bit Tiered Compilers
2016-12-01 16:22:43.569+0000 INFO  [o.n.k.i.DiagnosticsManager]: VM Arguments: [-XX:+DisableExplicitGC, -Dorg.neo4j.server.properties=conf/neo4j-server.properties, -Djava.util.logging.config.file=conf/logging.properties, -Dlog4j.configuration=file:conf/log4j.properties, -XX:+UseConcMarkSweepGC, -XX:+CMSClassUnloadingEnabled, -XX:-OmitStackTraceInFastThrow, -XX:hashCode=5, -Dneo4j.ext.udc.source=tarball, -Dneo4j.home=/home/hugo-mitsumori/labbd/ProjetoLabBD/Freelancers/db/neo4j/development, -Dneo4j.instance=/home/hugo-mitsumori/labbd/ProjetoLabBD/Freelancers/db/neo4j/development, -Dfile.encoding=UTF-8]
2016-12-01 16:22:43.569+0000 INFO  [o.n.k.i.DiagnosticsManager]: Java classpath:
2016-12-01 16:22:43.577+0000 INFO  [o.n.k.i.DiagnosticsManager]:  [classpath + loader.0] file:/home/hugo-mitsumori/labbd/ProjetoLabBD/Freelancers/db/neo4j/development/lib/neo4j-cypher-compiler-1.9-2.0.4.jar
2016-12-01 16:22:43.582+0000 INFO  [o.n.k.i.DiagnosticsManager]:  [loader.1] file:/opt/jdk/jdk1.8.0_111/jre/lib/ext/localedata.jar
2016-12-01 16:22:43.582+0000 INFO  [o.n.k.i.DiagnosticsManager]:  [classpath + loader.0] file:/home/hugo-mitsumori/labbd/ProjetoLabBD/Freelancers/db/neo4j/development/system/lib/neo4j-browser-2.2.2.jar
2016-12-01 16:22:43.583+0000 INFO  [o.n.k.i.DiagnosticsManager]:  [classpath + loader.0] file:/home/hugo-mitsumori/labbd/ProjetoLabBD/Freelancers/db/neo4j/development/lib/server-api-2.2.2.jar
2016-12-01 16:22:43.583+0000 INFO  [o.n.k.i.DiagnosticsManager]:  [loader.1] file:/opt/jdk/jdk1.8.0_111/jre/lib/ext/sunec.jar
2016-12-01 16:22:43.583+0000 INFO  [o.n.k.i.DiagnosticsManager]:  [classpath + loader.0] file:/home/hugo-mitsumori/labbd/ProjetoLabBD/Freelancers/db/neo4j/development/lib/neo4j-lucene-index-2.2.2.jar
2016-12-01 16:22:43.583+0000 INFO  [o.n.k.i.DiagnosticsManager]:  [classpath + loader.0] file:/home/hugo-mitsumori/labbd/ProjetoLabBD/Freelancers/db/neo4j/development/system/lib/jcl-over-slf4j-1.7.7.jar
2016-12-01 16:22:43.583+0000 INFO  [o.n.k.i.DiagnosticsManager]:  [classpath + loader.0] file:/home/hugo-mitsumori/labbd/ProjetoLabBD/Freelancers/db/neo4j/development/lib/neo4j-graph-matching-2.2.2.jar
2016-12-01 16:22:43.583+0000 INFO  [o.n.k.i.DiagnosticsManager]:  [loader.1] file:/opt/jdk/jdk1.8.0_111/jre/lib/ext/nashorn.jar
2016-12-01 16:22:43.583+0000 INFO  [o.n.k.i.DiagnosticsManager]:  [classpath + loader.0] file:/home/hugo-mitsumori/labbd/ProjetoLabBD/Freelancers/db/neo4j/development/lib/neo4j-kernel-2.2.2.jar
2016-12-01 16:22:43.583+0000 INFO  [o.n.k.i.DiagnosticsManager]:  [classpath + loader.0] file:/home/hugo-mitsumori/labbd/ProjetoLabBD/Freelancers/db/neo4j/development/system/lib/commons-logging-1.1.1.jar
2016-12-01 16:22:43.583+0000 INFO  [o.n.k.i.DiagnosticsManager]:  [classpath + loader.0] file:/home/hugo-mitsumori/labbd/ProjetoLabBD/Freelancers/db/neo4j/development/system/lib/jetty-server-9.2.4.v20141103.jar
2016-12-01 16:22:43.583+0000 INFO  [o.n.k.i.DiagnosticsManager]:  [classpath + loader.0] file:/home/hugo-mitsumori/labbd/ProjetoLabBD/Freelancers/db/neo4j/development/lib/neo4j-primitive-collections-2.2.2.jar
2016-12-01 16:22:43.584+0000 INFO  [o.n.k.i.DiagnosticsManager]:  [classpath + loader.0] file:/home/hugo-mitsumori/labbd/ProjetoLabBD/Freelancers/db/neo4j/development/system/lib/commons-digester-2.1.jar
2016-12-01 16:22:43.584+0000 INFO  [o.n.k.i.DiagnosticsManager]:  [bootstrap] /opt/jdk/jdk1.8.0_111/jre/lib/rt.jar
2016-12-01 16:22:43.584+0000 INFO  [o.n.k.i.DiagnosticsManager]:  [classpath + loader.0] file:/home/hugo-mitsumori/labbd/ProjetoLabBD/Freelancers/db/neo4j/development/lib/scala-library-2.10.5.jar
2016-12-01 16:22:43.584+0000 INFO  [o.n.k.i.DiagnosticsManager]:  [classpath + loader.0] file:/home/hugo-mitsumori/labbd/ProjetoLabBD/Freelancers/db/neo4j/development/lib/concurrentlinkedhashmap-lru-1.4.jar
2016-12-01 16:22:43.584+0000 INFO  [o.n.k.i.DiagnosticsManager]:  [classpath + loader.0] file:/home/hugo-mitsumori/labbd/ProjetoLabBD/Freelancers/db/neo4j/development/conf/
2016-12-01 16:22:43.584+0000 INFO  [o.n.k.i.DiagnosticsManager]:  [loader.1] file:/opt/jdk/jdk1.8.0_111/jre/lib/ext/jfxrt.jar
2016-12-01 16:22:43.584+0000 INFO  [o.n.k.i.DiagnosticsManager]:  [classpath + loader.0] file:/home/hugo-mitsumori/labbd/ProjetoLabBD/Freelancers/db/neo4j/development/system/lib/commons-io-2.4.jar
2016-12-01 16:22:43.584+0000 INFO  [o.n.k.i.DiagnosticsManager]:  [classpath + loader.0] file:/home/hugo-mitsumori/labbd/ProjetoLabBD/Freelancers/db/neo4j/development/system/lib/jetty-xml-9.2.4.v20141103.jar
2016-12-01 16:22:43.584+0000 INFO  [o.n.k.i.DiagnosticsManager]:  [classpath + loader.0] file:/home/hugo-mitsumori/labbd/ProjetoLabBD/Freelancers/db/neo4j/development/system/lib/logback-classic-1.1.2.jar
2016-12-01 16:22:43.585+0000 INFO  [o.n.k.i.DiagnosticsManager]:  [classpath + loader.0] file:/home/hugo-mitsumori/labbd/ProjetoLabBD/Freelancers/db/neo4j/development/system/lib/jetty-security-9.2.4.v20141103.jar
2016-12-01 16:22:43.585+0000 INFO  [o.n.k.i.DiagnosticsManager]:  [classpath + loader.0] file:/home/hugo-mitsumori/labbd/ProjetoLabBD/Freelancers/db/neo4j/development/system/lib/logback-access-1.1.2.jar
2016-12-01 16:22:43.585+0000 INFO  [o.n.k.i.DiagnosticsManager]:  [classpath + loader.0] file:/home/hugo-mitsumori/labbd/ProjetoLabBD/Freelancers/db/neo4j/development/system/lib/jetty-servlet-9.2.4.v20141103.jar
2016-12-01 16:22:43.585+0000 INFO  [o.n.k.i.DiagnosticsManager]:  [classpath + loader.0] file:/home/hugo-mitsumori/labbd/ProjetoLabBD/Freelancers/db/neo4j/development/system/lib/slf4j-api-1.7.7.jar
2016-12-01 16:22:43.585+0000 INFO  [o.n.k.i.DiagnosticsManager]:  [classpath + loader.0] file:/home/hugo-mitsumori/labbd/ProjetoLabBD/Freelancers/db/neo4j/development/system/lib/commons-configuration-1.10.jar
2016-12-01 16:22:43.585+0000 INFO  [o.n.k.i.DiagnosticsManager]:  [classpath + loader.0] file:/home/hugo-mitsumori/labbd/ProjetoLabBD/Freelancers/db/neo4j/development/lib/opencsv-2.3.jar
2016-12-01 16:22:43.585+0000 INFO  [o.n.k.i.DiagnosticsManager]:  [classpath + loader.0] file:/home/hugo-mitsumori/labbd/ProjetoLabBD/Freelancers/db/neo4j/development/system/lib/javax.servlet-api-3.1.0.jar
2016-12-01 16:22:43.585+0000 INFO  [o.n.k.i.DiagnosticsManager]:  [classpath + loader.0] file:/home/hugo-mitsumori/labbd/ProjetoLabBD/Freelancers/db/neo4j/development/lib/neo4j-shell-2.2.2.jar
2016-12-01 16:22:43.585+0000 INFO  [o.n.k.i.DiagnosticsManager]:  [classpath + loader.0] file:/home/hugo-mitsumori/labbd/ProjetoLabBD/Freelancers/db/neo4j/development/system/lib/neo4j-server-2.2.2.jar
2016-12-01 16:22:43.585+0000 INFO  [o.n.k.i.DiagnosticsManager]:  [classpath + loader.0] file:/home/hugo-mitsumori/labbd/ProjetoLabBD/Freelancers/db/neo4j/development/system/lib/rhino-1.7R4.jar
2016-12-01 16:22:43.586+0000 INFO  [o.n.k.i.DiagnosticsManager]:  [bootstrap] /opt/jdk/jdk1.8.0_111/jre/lib/charsets.jar
2016-12-01 16:22:43.586+0000 INFO  [o.n.k.i.DiagnosticsManager]:  [classpath + loader.0] file:/home/hugo-mitsumori/labbd/ProjetoLabBD/Freelancers/db/neo4j/development/system/lib/commons-lang-2.6.jar
2016-12-01 16:22:43.586+0000 INFO  [o.n.k.i.DiagnosticsManager]:  [classpath + loader.0] file:/home/hugo-mitsumori/labbd/ProjetoLabBD/Freelancers/db/neo4j/development/lib/neo4j-jmx-2.2.2.jar
2016-12-01 16:22:43.586+0000 INFO  [o.n.k.i.DiagnosticsManager]:  [classpath + loader.0] file:/home/hugo-mitsumori/labbd/ProjetoLabBD/Freelancers/db/neo4j/development/lib/neo4j-udc-2.2.2.jar
2016-12-01 16:22:43.586+0000 INFO  [o.n.k.i.DiagnosticsManager]:  [classpath + loader.0] file:/home/hugo-mitsumori/labbd/ProjetoLabBD/Freelancers/db/neo4j/development/lib/neo4j-csv-2.2.2.jar
2016-12-01 16:22:43.586+0000 INFO  [o.n.k.i.DiagnosticsManager]:  [classpath + loader.0] file:/home/hugo-mitsumori/labbd/ProjetoLabBD/Freelancers/db/neo4j/development/lib/org.apache.servicemix.bundles.jline-0.9.94_1.jar
2016-12-01 16:22:43.586+0000 INFO  [o.n.k.i.DiagnosticsManager]:  [classpath + loader.0] file:/home/hugo-mitsumori/labbd/ProjetoLabBD/Freelancers/db/neo4j/development/system/lib/jersey-core-1.18.1.jar
2016-12-01 16:22:43.586+0000 INFO  [o.n.k.i.DiagnosticsManager]:  [classpath + loader.0] file:/home/hugo-mitsumori/labbd/ProjetoLabBD/Freelancers/db/neo4j/development/system/lib/mimepull-1.9.3.jar
2016-12-01 16:22:43.586+0000 INFO  [o.n.k.i.DiagnosticsManager]:  [bootstrap] /opt/jdk/jdk1.8.0_111/jre/lib/resources.jar
2016-12-01 16:22:43.586+0000 INFO  [o.n.k.i.DiagnosticsManager]:  [classpath + loader.0] file:/home/hugo-mitsumori/labbd/ProjetoLabBD/Freelancers/db/neo4j/development/system/lib/jackson-jaxrs-1.9.13.jar
2016-12-01 16:22:43.587+0000 INFO  [o.n.k.i.DiagnosticsManager]:  [classpath + loader.0] file:/home/hugo-mitsumori/labbd/ProjetoLabBD/Freelancers/db/neo4j/development/system/lib/bcprov-jdk16-140.jar
2016-12-01 16:22:43.587+0000 INFO  [o.n.k.i.DiagnosticsManager]:  [classpath + loader.0] file:/home/hugo-mitsumori/labbd/ProjetoLabBD/Freelancers/db/neo4j/development/lib/neo4j-cypher-compiler-2.0-2.0.4.jar
2016-12-01 16:22:43.587+0000 INFO  [o.n.k.i.DiagnosticsManager]:  [classpath + loader.0] file:/home/hugo-mitsumori/labbd/ProjetoLabBD/Freelancers/db/neo4j/development/system/lib/commons-compiler-2.6.1.jar
2016-12-01 16:22:43.587+0000 INFO  [o.n.k.i.DiagnosticsManager]:  [classpath + loader.0] file:/home/hugo-mitsumori/labbd/ProjetoLabBD/Freelancers/db/neo4j/development/lib/parboiled-scala_2.10-1.1.7.jar
2016-12-01 16:22:43.587+0000 INFO  [o.n.k.i.DiagnosticsManager]:  [classpath + loader.0] file:/home/hugo-mitsumori/labbd/ProjetoLabBD/Freelancers/db/neo4j/development/lib/neo4j-cypher-compiler-2.1-2.1.8.jar
2016-12-01 16:22:43.587+0000 INFO  [o.n.k.i.DiagnosticsManager]:  [classpath + loader.0] file:/home/hugo-mitsumori/labbd/ProjetoLabBD/Freelancers/db/neo4j/development/system/lib/janino-2.6.1.jar
2016-12-01 16:22:43.587+0000 INFO  [o.n.k.i.DiagnosticsManager]:  [bootstrap] /opt/jdk/jdk1.8.0_111/jre/lib/jsse.jar
2016-12-01 16:22:43.587+0000 INFO  [o.n.k.i.DiagnosticsManager]:  [classpath + loader.0] file:/home/hugo-mitsumori/labbd/ProjetoLabBD/Freelancers/db/neo4j/development/lib/neo4j-cypher-2.2.2.jar
2016-12-01 16:22:43.587+0000 INFO  [o.n.k.i.DiagnosticsManager]:  [classpath + loader.0] file:/home/hugo-mitsumori/labbd/ProjetoLabBD/Freelancers/db/neo4j/development/system/lib/jackson-core-asl-1.9.13.jar
2016-12-01 16:22:43.587+0000 INFO  [o.n.k.i.DiagnosticsManager]:  [classpath + loader.0] file:/home/hugo-mitsumori/labbd/ProjetoLabBD/Freelancers/db/neo4j/development/system/lib/neo4j-server-2.2.2-static-web.jar
2016-12-01 16:22:43.588+0000 INFO  [o.n.k.i.DiagnosticsManager]:  [classpath + loader.0] file:/home/hugo-mitsumori/labbd/ProjetoLabBD/Freelancers/db/neo4j/development/system/lib/scala-reflect-2.10.5.jar
2016-12-01 16:22:43.588+0000 INFO  [o.n.k.i.DiagnosticsManager]:  [classpath + loader.0] file:/home/hugo-mitsumori/labbd/ProjetoLabBD/Freelancers/db/neo4j/development/system/lib/jersey-server-1.18.1.jar
2016-12-01 16:22:43.588+0000 INFO  [o.n.k.i.DiagnosticsManager]:  [classpath + loader.0] file:/home/hugo-mitsumori/labbd/ProjetoLabBD/Freelancers/db/neo4j/development/system/lib/jetty-webapp-9.2.4.v20141103.jar
2016-12-01 16:22:43.588+0000 INFO  [o.n.k.i.DiagnosticsManager]:  [classpath + loader.0] file:/home/hugo-mitsumori/labbd/ProjetoLabBD/Freelancers/db/neo4j/development/system/lib/jackson-mapper-asl-1.9.13.jar
2016-12-01 16:22:43.588+0000 INFO  [o.n.k.i.DiagnosticsManager]:  [loader.1] file:/opt/jdk/jdk1.8.0_111/jre/lib/ext/sunjce_provider.jar
2016-12-01 16:22:43.588+0000 INFO  [o.n.k.i.DiagnosticsManager]:  [bootstrap] /opt/jdk/jdk1.8.0_111/jre/lib/jce.jar
2016-12-01 16:22:43.588+0000 INFO  [o.n.k.i.DiagnosticsManager]:  [loader.1] file:/opt/jdk/jdk1.8.0_111/jre/lib/ext/dnsns.jar
2016-12-01 16:22:43.588+0000 INFO  [o.n.k.i.DiagnosticsManager]:  [classpath + loader.0] file:/home/hugo-mitsumori/labbd/ProjetoLabBD/Freelancers/db/neo4j/development/lib/neo4j-consistency-check-2.2.2.jar
2016-12-01 16:22:43.588+0000 INFO  [o.n.k.i.DiagnosticsManager]:  [classpath + loader.0] file:/home/hugo-mitsumori/labbd/ProjetoLabBD/Freelancers/db/neo4j/development/lib/neo4j-cypher-compiler-2.2-2.2.2.jar
2016-12-01 16:22:43.589+0000 INFO  [o.n.k.i.DiagnosticsManager]:  [classpath + loader.0] file:/home/hugo-mitsumori/labbd/ProjetoLabBD/Freelancers/db/neo4j/development/system/lib/logback-core-1.1.2.jar
2016-12-01 16:22:43.589+0000 INFO  [o.n.k.i.DiagnosticsManager]:  [loader.1] file:/opt/jdk/jdk1.8.0_111/jre/lib/ext/sunpkcs11.jar
2016-12-01 16:22:43.589+0000 INFO  [o.n.k.i.DiagnosticsManager]:  [bootstrap] /opt/jdk/jdk1.8.0_111/jre/lib/jfr.jar
2016-12-01 16:22:43.589+0000 INFO  [o.n.k.i.DiagnosticsManager]:  [classpath + loader.0] file:/home/hugo-mitsumori/labbd/ProjetoLabBD/Freelancers/db/neo4j/development/system/lib/jetty-http-9.2.4.v20141103.jar
2016-12-01 16:22:43.589+0000 INFO  [o.n.k.i.DiagnosticsManager]:  [loader.1] file:/opt/jdk/jdk1.8.0_111/jre/lib/ext/jaccess.jar
2016-12-01 16:22:43.589+0000 INFO  [o.n.k.i.DiagnosticsManager]:  [classpath + loader.0] file:/home/hugo-mitsumori/labbd/ProjetoLabBD/Freelancers/db/neo4j/development/system/lib/jersey-servlet-1.18.1.jar
2016-12-01 16:22:43.589+0000 INFO  [o.n.k.i.DiagnosticsManager]:  [classpath + loader.0] file:/home/hugo-mitsumori/labbd/ProjetoLabBD/Freelancers/db/neo4j/development/system/lib/commons-beanutils-1.8.3.jar
2016-12-01 16:22:43.589+0000 INFO  [o.n.k.i.DiagnosticsManager]:  [classpath + loader.0] file:/home/hugo-mitsumori/labbd/ProjetoLabBD/Freelancers/db/neo4j/development/lib/neo4j-unsafe-2.2.2.jar
2016-12-01 16:22:43.589+0000 INFO  [o.n.k.i.DiagnosticsManager]:  [loader.1] file:/opt/jdk/jdk1.8.0_111/jre/lib/ext/cldrdata.jar
2016-12-01 16:22:43.590+0000 INFO  [o.n.k.i.DiagnosticsManager]:  [classpath + loader.0] file:/home/hugo-mitsumori/labbd/ProjetoLabBD/Freelancers/db/neo4j/development/system/lib/jsr311-api-1.1.2.r612.jar
2016-12-01 16:22:43.590+0000 INFO  [o.n.k.i.DiagnosticsManager]:  [bootstrap] /opt/jdk/jdk1.8.0_111/jre/lib/sunrsasign.jar
2016-12-01 16:22:43.590+0000 INFO  [o.n.k.i.DiagnosticsManager]:  [classpath + loader.0] file:/home/hugo-mitsumori/labbd/ProjetoLabBD/Freelancers/db/neo4j/development/lib/lucene-core-3.6.2.jar
2016-12-01 16:22:43.590+0000 INFO  [o.n.k.i.DiagnosticsManager]:  [classpath + loader.0] file:/home/hugo-mitsumori/labbd/ProjetoLabBD/Freelancers/db/neo4j/development/system/lib/rrd4j-2.2.jar
2016-12-01 16:22:43.590+0000 INFO  [o.n.k.i.DiagnosticsManager]:  [classpath + loader.0] file:/home/hugo-mitsumori/labbd/ProjetoLabBD/Freelancers/db/neo4j/development/lib/neo4j-import-tool-2.2.2.jar
2016-12-01 16:22:43.590+0000 INFO  [o.n.k.i.DiagnosticsManager]:  [classpath + loader.0] file:/home/hugo-mitsumori/labbd/ProjetoLabBD/Freelancers/db/neo4j/development/system/lib/jetty-util-9.2.4.v20141103.jar
2016-12-01 16:22:43.590+0000 INFO  [o.n.k.i.DiagnosticsManager]:  [classpath + loader.0] file:/home/hugo-mitsumori/labbd/ProjetoLabBD/Freelancers/db/neo4j/development/lib/parboiled-core-1.1.7.jar
2016-12-01 16:22:43.590+0000 INFO  [o.n.k.i.DiagnosticsManager]:  [classpath + loader.0] file:/home/hugo-mitsumori/labbd/ProjetoLabBD/Freelancers/db/neo4j/development/lib/neo4j-graph-algo-2.2.2.jar
2016-12-01 16:22:43.591+0000 INFO  [o.n.k.i.DiagnosticsManager]:  [classpath + loader.0] file:/home/hugo-mitsumori/labbd/ProjetoLabBD/Freelancers/db/neo4j/development/system/lib/jersey-multipart-1.18.1.jar
2016-12-01 16:22:43.591+0000 INFO  [o.n.k.i.DiagnosticsManager]:  [classpath + loader.0] file:/home/hugo-mitsumori/labbd/ProjetoLabBD/Freelancers/db/neo4j/development/system/lib/jetty-io-9.2.4.v20141103.jar
2016-12-01 16:22:43.591+0000 INFO  [o.n.k.i.DiagnosticsManager]:  [bootstrap] /opt/jdk/jdk1.8.0_111/jre/classes
2016-12-01 16:22:43.591+0000 INFO  [o.n.k.i.DiagnosticsManager]:  [loader.1] file:/opt/jdk/jdk1.8.0_111/jre/lib/ext/zipfs.jar
2016-12-01 16:22:43.591+0000 INFO  [o.n.k.i.DiagnosticsManager]:  [classpath + loader.0] file:/home/hugo-mitsumori/labbd/ProjetoLabBD/Freelancers/db/neo4j/development/lib/neo4j-io-2.2.2.jar
2016-12-01 16:22:43.591+0000 INFO  [o.n.k.i.DiagnosticsManager]: Library path:
2016-12-01 16:22:43.591+0000 INFO  [o.n.k.i.DiagnosticsManager]: /usr/java/packages/lib/amd64
2016-12-01 16:22:43.592+0000 INFO  [o.n.k.i.DiagnosticsManager]: /usr/lib64
2016-12-01 16:22:43.592+0000 INFO  [o.n.k.i.DiagnosticsManager]: /lib64
2016-12-01 16:22:43.592+0000 INFO  [o.n.k.i.DiagnosticsManager]: /lib
2016-12-01 16:22:43.592+0000 INFO  [o.n.k.i.DiagnosticsManager]: /usr/lib
2016-12-01 16:22:43.592+0000 INFO  [o.n.k.i.DiagnosticsManager]: System.properties:
2016-12-01 16:22:43.593+0000 INFO  [o.n.k.i.DiagnosticsManager]: sun.boot.library.path = /opt/jdk/jdk1.8.0_111/jre/lib/amd64
2016-12-01 16:22:43.593+0000 INFO  [o.n.k.i.DiagnosticsManager]: org.neo4j.server.properties = conf/neo4j-server.properties
2016-12-01 16:22:43.593+0000 INFO  [o.n.k.i.DiagnosticsManager]: path.separator = :
2016-12-01 16:22:43.593+0000 INFO  [o.n.k.i.DiagnosticsManager]: file.encoding.pkg = sun.io
2016-12-01 16:22:43.593+0000 INFO  [o.n.k.i.DiagnosticsManager]: user.country = BR
2016-12-01 16:22:43.593+0000 INFO  [o.n.k.i.DiagnosticsManager]: sun.java.launcher = SUN_STANDARD
2016-12-01 16:22:43.593+0000 INFO  [o.n.k.i.DiagnosticsManager]: sun.os.patch.level = unknown
2016-12-01 16:22:43.594+0000 INFO  [o.n.k.i.DiagnosticsManager]: user.dir = /home/hugo-mitsumori/labbd/ProjetoLabBD/Freelancers/db/neo4j/development
2016-12-01 16:22:43.594+0000 INFO  [o.n.k.i.DiagnosticsManager]: neo4j.ext.udc.source = tarball
2016-12-01 16:22:43.594+0000 INFO  [o.n.k.i.DiagnosticsManager]: log4j.configuration = file:conf/log4j.properties
2016-12-01 16:22:43.594+0000 INFO  [o.n.k.i.DiagnosticsManager]: sun.jnu.encoding = UTF-8
2016-12-01 16:22:43.594+0000 INFO  [o.n.k.i.DiagnosticsManager]: sun.management.compiler = HotSpot 64-Bit Tiered Compilers
2016-12-01 16:22:43.594+0000 INFO  [o.n.k.i.DiagnosticsManager]: user.home = /home/hugo-mitsumori
2016-12-01 16:22:43.594+0000 INFO  [o.n.k.i.DiagnosticsManager]: user.timezone = America/Sao_Paulo
2016-12-01 16:22:43.594+0000 INFO  [o.n.k.i.DiagnosticsManager]: file.encoding = UTF-8
2016-12-01 16:22:43.595+0000 INFO  [o.n.k.i.DiagnosticsManager]: user.name = hugo-mitsumori
2016-12-01 16:22:43.595+0000 INFO  [o.n.k.i.DiagnosticsManager]: sun.java.command = org.neo4j.server.Bootstrapper
2016-12-01 16:22:43.595+0000 INFO  [o.n.k.i.DiagnosticsManager]: sun.arch.data.model = 64
2016-12-01 16:22:43.595+0000 INFO  [o.n.k.i.DiagnosticsManager]: user.language = pt
2016-12-01 16:22:43.595+0000 INFO  [o.n.k.i.DiagnosticsManager]: awt.toolkit = sun.awt.X11.XToolkit
2016-12-01 16:22:43.595+0000 INFO  [o.n.k.i.DiagnosticsManager]: file.separator = /
2016-12-01 16:22:43.595+0000 INFO  [o.n.k.i.DiagnosticsManager]: sun.io.unicode.encoding = UnicodeLittle
2016-12-01 16:22:43.595+0000 INFO  [o.n.k.i.DiagnosticsManager]: sun.cpu.endian = little
2016-12-01 16:22:43.595+0000 INFO  [o.n.k.i.DiagnosticsManager]: neo4j.instance = /home/hugo-mitsumori/labbd/ProjetoLabBD/Freelancers/db/neo4j/development
2016-12-01 16:22:43.596+0000 INFO  [o.n.k.i.DiagnosticsManager]: sun.desktop = gnome
2016-12-01 16:22:43.596+0000 INFO  [o.n.k.i.DiagnosticsManager]: neo4j.home = /home/hugo-mitsumori/labbd/ProjetoLabBD/Freelancers/db/neo4j/development
2016-12-01 16:22:43.596+0000 INFO  [o.n.k.i.DiagnosticsManager]: sun.cpu.isalist = 
2016-12-01 16:22:43.596+0000 INFO  [o.n.k.i.DiagnosticsManager]: Linux scheduler information:
2016-12-01 16:22:43.597+0000 INFO  [o.n.k.i.DiagnosticsManager]: noop deadline [cfq] 
2016-12-01 16:22:43.598+0000 INFO  [o.n.k.i.DiagnosticsManager]: noop deadline [cfq] 
2016-12-01 16:22:43.598+0000 INFO  [o.n.k.i.DiagnosticsManager]: Network information:
2016-12-01 16:22:43.601+0000 INFO  [o.n.k.i.DiagnosticsManager]: Interface eth0:
2016-12-01 16:22:43.602+0000 INFO  [o.n.k.i.DiagnosticsManager]:     address: fe80:0:0:0:a00:27ff:fe1f:6444%eth0
2016-12-01 16:22:43.602+0000 INFO  [o.n.k.i.DiagnosticsManager]:     address: 10.0.2.15
2016-12-01 16:22:43.603+0000 INFO  [o.n.k.i.DiagnosticsManager]: Interface lo:
2016-12-01 16:22:43.603+0000 INFO  [o.n.k.i.DiagnosticsManager]:     address: 0:0:0:0:0:0:0:1%lo
2016-12-01 16:22:43.603+0000 INFO  [o.n.k.i.DiagnosticsManager]:     address: 127.0.0.1
2016-12-01 16:22:43.603+0000 INFO  [o.n.k.i.DiagnosticsManager]: --- INITIALIZED diagnostics END ---
2016-12-01 16:22:44.247+0000 INFO  [o.n.k.i.s.StoreFactory]: Creating new db @ /home/hugo-mitsumori/labbd/ProjetoLabBD/Freelancers/db/neo4j/development/data/graph.db/neostore
2016-12-01 16:22:45.088+0000 INFO  [o.n.k.a.i.i.LuceneLabelScanStore]: No lucene scan store index found, this might just be first use. Preparing to rebuild.
2016-12-01 16:22:45.157+0000 INFO  [o.n.k.a.i.i.LuceneLabelScanStore]: No lucene scan store index found, this might just be first use. Preparing to rebuild.
2016-12-01 16:22:45.241+0000 INFO  [o.n.k.NeoStoreDataSource]: Opened logical log [/home/hugo-mitsumori/labbd/ProjetoLabBD/Freelancers/db/neo4j/development/data/graph.db/neostore.transaction.db.0] version=0, lastTxId=1 (clean)
2016-12-01 16:22:45.250+0000 WARN  [o.n.k.i.s.StoreFactory]: Missing counts store, rebuilding it.
2016-12-01 16:22:45.389+0000 INFO  [o.n.k.a.i.i.LuceneLabelScanStore]: Rebuilding lucene scan store, this may take a while
2016-12-01 16:22:45.396+0000 INFO  [o.n.k.a.i.i.LuceneLabelScanStore]: Lucene scan store rebuilt (roughly -1 nodes)
2016-12-01 16:22:45.408+0000 INFO  [o.n.k.KernelHealth]: Kernel health set to OK
2016-12-01 16:22:46.638+0000 INFO  [o.n.k.i.DiagnosticsManager]: --- STARTED diagnostics for KernelDiagnostics:Versions START ---
2016-12-01 16:22:46.638+0000 INFO  [o.n.k.i.DiagnosticsManager]: Graph Database: org.neo4j.kernel.EmbeddedGraphDatabase StoreId{creationTime=1480609364246, randomId=4686421444674077553, storeVersion=14969031248344582, upgradeTime=1480609364246, upgradeId=1}
2016-12-01 16:22:46.638+0000 INFO  [o.n.k.i.DiagnosticsManager]: Kernel version: Neo4j - Graph Database Kernel (neo4j-kernel), version: 2.2.2
2016-12-01 16:22:46.640+0000 INFO  [o.n.k.i.DiagnosticsManager]: Neo4j component versions:
2016-12-01 16:22:46.693+0000 INFO  [o.n.k.i.DiagnosticsManager]:   Neo4j - Cypher Compiler 1.9 (neo4j-cypher-compiler-1.9), version: 2.0.4; revision: 2.0.4:2.0-maint:130/4a7d10bc274a5d26a180bbe9df25100e8a694748
2016-12-01 16:22:46.693+0000 INFO  [o.n.k.i.DiagnosticsManager]:   Neo4j - Consistency Checker (neo4j-consistency-check), version: 2.2.2; revision: 2.2.2:2.2:973/0ee8628da67da8c582a299d6aa109768be6886d7
2016-12-01 16:22:46.693+0000 INFO  [o.n.k.i.DiagnosticsManager]:   Neo4j - Cypher Compiler 2.2 (neo4j-cypher-compiler-2.2), version: 2.2.2; revision: 2.2.2:2.2:973/0ee8628da67da8c582a299d6aa109768be6886d7
2016-12-01 16:22:46.693+0000 INFO  [o.n.k.i.DiagnosticsManager]:   Neo4j - Import Command Line Tool (neo4j-import-tool), version: 2.2.2; revision: 2.2.2:2.2:973/0ee8628da67da8c582a299d6aa109768be6886d7
2016-12-01 16:22:46.693+0000 INFO  [o.n.k.i.DiagnosticsManager]:   Neo4j - Server API (server-api), version: 2.2.2; revision: 2.2.2:2.2:973/0ee8628da67da8c582a299d6aa109768be6886d7
2016-12-01 16:22:46.694+0000 INFO  [o.n.k.i.DiagnosticsManager]:   Neo4j - Graph Database Kernel (neo4j-kernel), version: 2.2.2; revision: 2.2.2:2.2:973/0ee8628da67da8c582a299d6aa109768be6886d7
2016-12-01 16:22:46.697+0000 INFO  [o.n.k.i.DiagnosticsManager]:   Neo4j - Cypher Compiler 2.1 (neo4j-cypher-compiler-2.1), version: 2.1.8; revision: 2.1.8:2.1-maint:687/5c83ce3a5ddf33259593f719153ce71a6fe89fc7
2016-12-01 16:22:46.698+0000 INFO  [o.n.k.i.DiagnosticsManager]:   Neo4j - Generic shell (neo4j-shell), version: 2.2.2; revision: 2.2.2:2.2:973/0ee8628da67da8c582a299d6aa109768be6886d7
2016-12-01 16:22:46.698+0000 INFO  [o.n.k.i.DiagnosticsManager]:   neo4j-udc, version: 2.2.2; revision: 2.2.2:2.2:973/0ee8628da67da8c582a299d6aa109768be6886d7
2016-12-01 16:22:46.701+0000 INFO  [o.n.k.i.DiagnosticsManager]:   Neo4j - Lucene Index (neo4j-lucene-index), version: 2.2.2; revision: 2.2.2:2.2:973/0ee8628da67da8c582a299d6aa109768be6886d7
2016-12-01 16:22:46.702+0000 INFO  [o.n.k.i.DiagnosticsManager]:   Neo4j - Server (neo4j-server), version: 2.2.2; revision: 2.2.2:2.2:973/0ee8628da67da8c582a299d6aa109768be6886d7
2016-12-01 16:22:46.702+0000 INFO  [o.n.k.i.DiagnosticsManager]:   Neo4j - Cypher Compiler 2.0 (neo4j-cypher-compiler-2.0), version: 2.0.4; revision: 2.0.4:2.0-maint:130/4a7d10bc274a5d26a180bbe9df25100e8a694748
2016-12-01 16:22:46.703+0000 INFO  [o.n.k.i.DiagnosticsManager]:   Neo4j - Graph Matching (neo4j-graph-matching), version: 2.2.2; revision: 2.2.2:2.2:973/0ee8628da67da8c582a299d6aa109768be6886d7
2016-12-01 16:22:46.704+0000 INFO  [o.n.k.i.DiagnosticsManager]:   Neo4j - JMX support (neo4j-jmx), version: 2.2.2; revision: 2.2.2:2.2:973/0ee8628da67da8c582a299d6aa109768be6886d7
2016-12-01 16:22:46.705+0000 INFO  [o.n.k.i.DiagnosticsManager]:   Neo4j - Cypher (neo4j-cypher), version: 2.2.2; revision: 2.2.2:2.2:973/0ee8628da67da8c582a299d6aa109768be6886d7
2016-12-01 16:22:46.705+0000 INFO  [o.n.k.i.DiagnosticsManager]:   Neo4j - Graph Algorithms (neo4j-graph-algo), version: 2.2.2; revision: 2.2.2:2.2:973/0ee8628da67da8c582a299d6aa109768be6886d7
2016-12-01 16:22:46.705+0000 INFO  [o.n.k.i.DiagnosticsManager]: --- STARTED diagnostics for KernelDiagnostics:Versions END ---
2016-12-01 16:22:46.707+0000 INFO  [o.n.k.i.DiagnosticsManager]: --- STARTED diagnostics for NEO_STORE_VERSIONS START ---
2016-12-01 16:22:46.713+0000 INFO  [o.n.k.i.DiagnosticsManager]: Store versions:
2016-12-01 16:22:46.714+0000 INFO  [o.n.k.i.DiagnosticsManager]: Store versions:
2016-12-01 16:22:46.714+0000 INFO  [o.n.k.i.DiagnosticsManager]:   NeoStore v0.A.5
2016-12-01 16:22:46.714+0000 INFO  [o.n.k.i.DiagnosticsManager]:   SchemaStore v0.A.5
2016-12-01 16:22:46.718+0000 INFO  [o.n.k.i.DiagnosticsManager]:   NodeStore v0.A.5
2016-12-01 16:22:46.718+0000 INFO  [o.n.k.i.DiagnosticsManager]:   RelationshipStore v0.A.5
2016-12-01 16:22:46.718+0000 INFO  [o.n.k.i.DiagnosticsManager]:   RelationshipTypeStore v0.A.5
2016-12-01 16:22:46.719+0000 INFO  [o.n.k.i.DiagnosticsManager]:   LabelTokenStore v0.A.5
2016-12-01 16:22:46.719+0000 INFO  [o.n.k.i.DiagnosticsManager]:   PropertyStore v0.A.5
2016-12-01 16:22:46.719+0000 INFO  [o.n.k.i.DiagnosticsManager]:   PropertyIndexStore v0.A.5
2016-12-01 16:22:46.719+0000 INFO  [o.n.k.i.DiagnosticsManager]:   StringPropertyStore v0.A.5
2016-12-01 16:22:46.719+0000 INFO  [o.n.k.i.DiagnosticsManager]:   ArrayPropertyStore v0.A.5
2016-12-01 16:22:46.719+0000 INFO  [o.n.k.i.DiagnosticsManager]:   RelationshipGroupStore v0.A.5
2016-12-01 16:22:46.720+0000 INFO  [o.n.k.i.DiagnosticsManager]: --- STARTED diagnostics for NEO_STORE_VERSIONS END ---
2016-12-01 16:22:46.720+0000 INFO  [o.n.k.i.DiagnosticsManager]: --- STARTED diagnostics for NEO_STORE_ID_USAGE START ---
2016-12-01 16:22:46.720+0000 INFO  [o.n.k.i.DiagnosticsManager]: Id usage:
2016-12-01 16:22:46.720+0000 INFO  [o.n.k.i.DiagnosticsManager]: Id usage:
2016-12-01 16:22:46.721+0000 INFO  [o.n.k.i.DiagnosticsManager]:   SchemaStore: used=1 high=0
2016-12-01 16:22:46.723+0000 INFO  [o.n.k.i.DiagnosticsManager]:   NodeStore: used=0 high=-1
2016-12-01 16:22:46.726+0000 INFO  [o.n.k.i.DiagnosticsManager]:   RelationshipStore: used=0 high=-1
2016-12-01 16:22:46.726+0000 INFO  [o.n.k.i.DiagnosticsManager]:   RelationshipTypeStore: used=0 high=-1
2016-12-01 16:22:46.726+0000 INFO  [o.n.k.i.DiagnosticsManager]:   LabelTokenStore: used=0 high=-1
2016-12-01 16:22:46.727+0000 INFO  [o.n.k.i.DiagnosticsManager]:   PropertyStore: used=0 high=-1
2016-12-01 16:22:46.728+0000 INFO  [o.n.k.i.DiagnosticsManager]:   PropertyIndexStore: used=0 high=-1
2016-12-01 16:22:46.728+0000 INFO  [o.n.k.i.DiagnosticsManager]:   StringPropertyStore: used=1 high=0
2016-12-01 16:22:46.734+0000 INFO  [o.n.k.i.DiagnosticsManager]:   ArrayPropertyStore: used=1 high=0
2016-12-01 16:22:46.734+0000 INFO  [o.n.k.i.DiagnosticsManager]:   RelationshipGroupStore: used=1 high=0
2016-12-01 16:22:46.735+0000 INFO  [o.n.k.i.DiagnosticsManager]: --- STARTED diagnostics for NEO_STORE_ID_USAGE END ---
2016-12-01 16:22:46.736+0000 INFO  [o.n.k.i.DiagnosticsManager]: --- STARTED diagnostics for KernelDiagnostics:StoreFiles START ---
2016-12-01 16:22:46.736+0000 INFO  [o.n.k.i.DiagnosticsManager]: Disk space on partition (Total / Free / Free %): 30234718208 / 17985212416 / 59
Storage files: (filename : modification date - size)
2016-12-01 16:22:46.743+0000 INFO  [o.n.k.i.DiagnosticsManager]:   index:
2016-12-01 16:22:46.746+0000 INFO  [o.n.k.i.DiagnosticsManager]:   - Total: 2016-12-01T14:22:43-0200 - 0,00 B
2016-12-01 16:22:46.747+0000 INFO  [o.n.k.i.DiagnosticsManager]:   lock: 2016-12-01T14:22:44-0200 - 0,00 B
2016-12-01 16:22:46.748+0000 INFO  [o.n.k.i.DiagnosticsManager]:   messages.log: 2016-12-01T14:22:46-0200 - 33,46 kB
2016-12-01 16:22:46.758+0000 INFO  [o.n.k.i.DiagnosticsManager]:   neostore: 2016-12-01T14:22:44-0200 - 99,00 B
2016-12-01 16:22:46.759+0000 INFO  [o.n.k.i.DiagnosticsManager]:   neostore.counts.db.a: 2016-12-01T14:22:45-0200 - 114,00 B
2016-12-01 16:22:46.763+0000 INFO  [o.n.k.i.DiagnosticsManager]:   neostore.id: 2016-12-01T14:22:44-0200 - 9,00 B
2016-12-01 16:22:46.769+0000 INFO  [o.n.k.i.DiagnosticsManager]:   neostore.labeltokenstore.db: 2016-12-01T14:22:44-0200 - 0,00 B
2016-12-01 16:22:46.776+0000 INFO  [o.n.k.i.DiagnosticsManager]:   neostore.labeltokenstore.db.id: 2016-12-01T14:22:44-0200 - 9,00 B
2016-12-01 16:22:46.777+0000 INFO  [o.n.k.i.DiagnosticsManager]:   neostore.labeltokenstore.db.names: 2016-12-01T14:22:44-0200 - 38,00 B
2016-12-01 16:22:46.777+0000 INFO  [o.n.k.i.DiagnosticsManager]:   neostore.labeltokenstore.db.names.id: 2016-12-01T14:22:44-0200 - 9,00 B
2016-12-01 16:22:46.779+0000 INFO  [o.n.k.i.DiagnosticsManager]:   neostore.nodestore.db: 2016-12-01T14:22:44-0200 - 0,00 B
2016-12-01 16:22:46.779+0000 INFO  [o.n.k.i.DiagnosticsManager]:   neostore.nodestore.db.id: 2016-12-01T14:22:44-0200 - 9,00 B
2016-12-01 16:22:46.780+0000 INFO  [o.n.k.i.DiagnosticsManager]:   neostore.nodestore.db.labels: 2016-12-01T14:22:44-0200 - 68,00 B
2016-12-01 16:22:46.784+0000 INFO  [o.n.k.i.DiagnosticsManager]:   neostore.nodestore.db.labels.id: 2016-12-01T14:22:44-0200 - 9,00 B
2016-12-01 16:22:46.791+0000 INFO  [o.n.k.i.DiagnosticsManager]:   neostore.propertystore.db: 2016-12-01T14:22:44-0200 - 0,00 B
2016-12-01 16:22:46.792+0000 INFO  [o.n.k.i.DiagnosticsManager]:   neostore.propertystore.db.arrays: 2016-12-01T14:22:44-0200 - 128,00 B
2016-12-01 16:22:46.792+0000 INFO  [o.n.k.i.DiagnosticsManager]:   neostore.propertystore.db.arrays.id: 2016-12-01T14:22:44-0200 - 9,00 B
2016-12-01 16:22:46.793+0000 INFO  [o.n.k.i.DiagnosticsManager]:   neostore.propertystore.db.id: 2016-12-01T14:22:44-0200 - 9,00 B
2016-12-01 16:22:46.805+0000 INFO  [o.n.k.i.DiagnosticsManager]:   neostore.propertystore.db.index: 2016-12-01T14:22:44-0200 - 0,00 B
2016-12-01 16:22:46.807+0000 INFO  [o.n.k.i.DiagnosticsManager]:   neostore.propertystore.db.index.id: 2016-12-01T14:22:44-0200 - 9,00 B
2016-12-01 16:22:46.808+0000 INFO  [o.n.k.i.DiagnosticsManager]:   neostore.propertystore.db.index.keys: 2016-12-01T14:22:44-0200 - 38,00 B
2016-12-01 16:22:46.808+0000 INFO  [o.n.k.i.DiagnosticsManager]:   neostore.propertystore.db.index.keys.id: 2016-12-01T14:22:44-0200 - 9,00 B
2016-12-01 16:22:46.816+0000 INFO  [o.n.k.i.DiagnosticsManager]:   neostore.propertystore.db.strings: 2016-12-01T14:22:44-0200 - 128,00 B
2016-12-01 16:22:46.821+0000 INFO  [o.n.k.i.DiagnosticsManager]:   neostore.propertystore.db.strings.id: 2016-12-01T14:22:44-0200 - 9,00 B
2016-12-01 16:22:46.826+0000 INFO  [o.n.k.i.DiagnosticsManager]:   neostore.relationshipgroupstore.db: 2016-12-01T14:22:44-0200 - 25,00 B
2016-12-01 16:22:46.827+0000 INFO  [o.n.k.i.DiagnosticsManager]:   neostore.relationshipgroupstore.db.id: 2016-12-01T14:22:44-0200 - 9,00 B
2016-12-01 16:22:46.827+0000 INFO  [o.n.k.i.DiagnosticsManager]:   neostore.relationshipstore.db: 2016-12-01T14:22:44-0200 - 0,00 B
2016-12-01 16:22:46.828+0000 INFO  [o.n.k.i.DiagnosticsManager]:   neostore.relationshipstore.db.id: 2016-12-01T14:22:44-0200 - 9,00 B
2016-12-01 16:22:46.837+0000 INFO  [o.n.k.i.DiagnosticsManager]:   neostore.relationshiptypestore.db: 2016-12-01T14:22:44-0200 - 0,00 B
2016-12-01 16:22:46.839+0000 INFO  [o.n.k.i.DiagnosticsManager]:   neostore.relationshiptypestore.db.id: 2016-12-01T14:22:44-0200 - 9,00 B
2016-12-01 16:22:46.839+0000 INFO  [o.n.k.i.DiagnosticsManager]:   neostore.relationshiptypestore.db.names: 2016-12-01T14:22:44-0200 - 38,00 B
2016-12-01 16:22:46.840+0000 INFO  [o.n.k.i.DiagnosticsManager]:   neostore.relationshiptypestore.db.names.id: 2016-12-01T14:22:44-0200 - 9,00 B
2016-12-01 16:22:46.843+0000 INFO  [o.n.k.i.DiagnosticsManager]:   neostore.schemastore.db: 2016-12-01T14:22:44-0200 - 64,00 B
2016-12-01 16:22:46.843+0000 INFO  [o.n.k.i.DiagnosticsManager]:   neostore.schemastore.db.id: 2016-12-01T14:22:44-0200 - 9,00 B
2016-12-01 16:22:46.848+0000 INFO  [o.n.k.i.DiagnosticsManager]:   neostore.transaction.db.0: 2016-12-01T14:22:45-0200 - 16,00 B
2016-12-01 16:22:46.850+0000 INFO  [o.n.k.i.DiagnosticsManager]:   schema:
2016-12-01 16:22:46.850+0000 INFO  [o.n.k.i.DiagnosticsManager]:     label:
2016-12-01 16:22:46.850+0000 INFO  [o.n.k.i.DiagnosticsManager]:       lucene:
2016-12-01 16:22:46.853+0000 INFO  [o.n.k.i.DiagnosticsManager]:         write.lock: 2016-12-01T14:22:45-0200 - 0,00 B
2016-12-01 16:22:46.857+0000 INFO  [o.n.k.i.DiagnosticsManager]:       - Total: 2016-12-01T14:22:45-0200 - 0,00 B
2016-12-01 16:22:46.862+0000 INFO  [o.n.k.i.DiagnosticsManager]:     - Total: 2016-12-01T14:22:45-0200 - 0,00 B
2016-12-01 16:22:46.866+0000 INFO  [o.n.k.i.DiagnosticsManager]:   - Total: 2016-12-01T14:22:44-0200 - 0,00 B
2016-12-01 16:22:46.873+0000 INFO  [o.n.k.i.DiagnosticsManager]:   store_lock: 2016-12-01T14:22:44-0200 - 0,00 B
2016-12-01 16:22:46.873+0000 INFO  [o.n.k.i.DiagnosticsManager]: --- STARTED diagnostics for KernelDiagnostics:StoreFiles END ---
2016-12-01 16:22:46.983+0000 INFO  [o.n.k.EmbeddedGraphDatabase]: Database is now ready
2016-12-01 16:22:46.983+0000 INFO  [o.n.s.d.LifecycleManagingDatabase]: Successfully started database
2016-12-01 16:22:46.984+0000 INFO  [o.n.k.i.DiagnosticsManager]: --- SERVER STARTED START ---
2016-12-01 16:22:47.078+0000 INFO  [o.n.s.CommunityNeoServer]: Starting HTTP on port :7474 with 2 threads available
2016-12-01 16:22:47.397+0000 INFO  [o.n.s.CommunityNeoServer]: Enabling HTTPS on port :7473
2016-12-01 16:22:47.398+0000 INFO  [o.n.s.CommunityNeoServer]: No SSL certificate found, generating a self-signed certificate..
2016-12-01 16:22:48.279+0000 INFO  [o.n.s.w.Jetty9WebServer]: Mounting static content at [/webadmin] from [webadmin-html]
2016-12-01 16:22:48.349+0000 INFO  [o.n.s.w.Jetty9WebServer]: Mounting static content at [/browser] from [browser]
2016-12-01 16:22:50.996+0000 INFO  [o.n.s.CommunityNeoServer]: Server started on: http://localhost:7474/
2016-12-01 16:22:50.996+0000 INFO  [o.n.s.CommunityNeoServer]: Remote interface ready and available at [http://localhost:7474/]
2016-12-01 16:22:50.996+0000 INFO  [o.n.k.i.DiagnosticsManager]: --- SERVER STARTED END ---
2016-12-01 16:23:13.643+0000 INFO  [o.n.k.i.a.i.IndexPopulationJob]: Index population started: [:User(uuid) [provider: {key=lucene, version=1.0}]]
2016-12-01 16:23:13.706+0000 INFO  [o.n.k.i.a.KernelSchemaStateStore]: Schema state store has been cleared.
2016-12-01 16:23:13.787+0000 INFO  [o.n.k.i.a.i.IndexPopulationJob]: Index population completed. Index is now online: [:User(uuid) [provider: {key=lucene, version=1.0}]]
2016-12-01 16:23:13.910+0000 INFO  [o.n.k.i.a.KernelSchemaStateStore]: Schema state store has been cleared.
2016-12-01 16:23:35.383+0000 INFO  [o.n.k.i.a.i.s.OnlineIndexSamplingJob]: Sampled index :User(uuid) with 1 unique values in sample of avg size 1 taken from index containing 1 entries
